# JRE version: Java(TM) SE Runtime Environment 18.9 (11.0.12+8) (build 11.0.12+8-LTS-237)
# Java VM: Java HotSpot(TM) 64-Bit Server VM 18.9 (11.0.12+8-LTS-237, mixed mode, tiered, compressed oops, g1 gc, windows-amd64)
Heap:
 garbage-first heap   total 65536K, used 32936K [0x00000000c1600000, 0x0000000100000000)
  region size 1024K, 27 young (27648K), 2 survivors (2048K)
 Metaspace       used 25958K, capacity 26699K, committed 26752K, reserved 1073152K
  class space    used 2886K, capacity 3170K, committed 3200K, reserved 1048576K
GC Heap History (10 events):
Event: 1.369 GC heap before
{Heap before GC invocations=1 (full 0):
 garbage-first heap   total 65536K, used 15775K [0x00000000c1600000, 0x0000000100000000)
  region size 1024K, 12 young (12288K), 2 survivors (2048K)
 Metaspace       used 12361K, capacity 12543K, committed 12672K, reserved 1060864K
  class space    used 1215K, capacity 1296K, committed 1408K, reserved 1048576K
}
Event: 1.375 GC heap after
{Heap after GC invocations=2 (full 0):
 garbage-first heap   total 65536K, used 6650K [0x00000000c1600000, 0x0000000100000000)
  region size 1024K, 1 young (1024K), 1 survivors (1024K)
 Metaspace       used 12361K, capacity 12543K, committed 12672K, reserved 1060864K
  class space    used 1215K, capacity 1296K, committed 1408K, reserved 1048576K
}
Event: 2.184 GC heap before
{Heap before GC invocations=2 (full 0):
 garbage-first heap   total 65536K, used 29178K [0x00000000c1600000, 0x0000000100000000)
  region size 1024K, 24 young (24576K), 1 survivors (1024K)
 Metaspace       used 17874K, capacity 18293K, committed 18560K, reserved 1064960K
  class space    used 1928K, capacity 2117K, committed 2176K, reserved 1048576K
}
Event: 2.190 GC heap after
{Heap after GC invocations=3 (full 0):
 garbage-first heap   total 65536K, used 7896K [0x00000000c1600000, 0x0000000100000000)
  region size 1024K, 3 young (3072K), 3 survivors (3072K)
 Metaspace       used 17874K, capacity 18293K, committed 18560K, reserved 1064960K
  class space    used 1928K, capacity 2117K, committed 2176K, reserved 1048576K
}
Event: 2.464 GC heap before
{Heap before GC invocations=3 (full 0):
 garbage-first heap   total 65536K, used 20184K [0x00000000c1600000, 0x0000000100000000)
  region size 1024K, 17 young (17408K), 3 survivors (3072K)
 Metaspace       used 20552K, capacity 21076K, committed 21248K, reserved 1069056K
  class space    used 2218K, capacity 2448K, committed 2560K, reserved 1048576K
}
Event: 2.469 GC heap after
{Heap after GC invocations=4 (full 0):
 garbage-first heap   total 65536K, used 8416K [0x00000000c1600000, 0x0000000100000000)
  region size 1024K, 2 young (2048K), 2 survivors (2048K)
 Metaspace       used 20552K, capacity 21076K, committed 21248K, reserved 1069056K
  class space    used 2218K, capacity 2448K, committed 2560K, reserved 1048576K
}
Event: 2.944 GC heap before
{Heap before GC invocations=5 (full 0):
 garbage-first heap   total 65536K, used 34016K [0x00000000c1600000, 0x0000000100000000)
  region size 1024K, 28 young (28672K), 2 survivors (2048K)
 Metaspace       used 24426K, capacity 25028K, committed 25344K, reserved 1071104K
  class space    used 2733K, capacity 2999K, committed 3072K, reserved 1048576K
}
Event: 2.948 GC heap after
{Heap after GC invocations=6 (full 0):
 garbage-first heap   total 65536K, used 9316K [0x00000000c1600000, 0x0000000100000000)
  region size 1024K, 3 young (3072K), 3 survivors (3072K)
 Metaspace       used 24426K, capacity 25028K, committed 25344K, reserved 1071104K
  class space    used 2733K, capacity 2999K, committed 3072K, reserved 1048576K
}
Event: 2.961 GC heap before
{Heap before GC invocations=6 (full 0):
 garbage-first heap   total 65536K, used 36964K [0x00000000c1600000, 0x0000000100000000)
  region size 1024K, 31 young (31744K), 3 survivors (3072K)
 Metaspace       used 24451K, capacity 25028K, committed 25344K, reserved 1071104K
  class space    used 2737K, capacity 2999K, committed 3072K, reserved 1048576K
}
Event: 2.965 GC heap after
{Heap after GC invocations=7 (full 0):
 garbage-first heap   total 65536K, used 9384K [0x00000000c1600000, 0x0000000100000000)
  region size 1024K, 2 young (2048K), 2 survivors (2048K)
 Metaspace       used 24451K, capacity 25028K, committed 25344K, reserved 1071104K
  class space    used 2737K, capacity 2999K, committed 3072K, reserved 1048576K
}

