# JRE version: Java(TM) SE Runtime Environment 18.9 (11.0.12+8) (build 11.0.12+8-LTS-237)
# Java VM: Java HotSpot(TM) 64-Bit Server VM 18.9 (11.0.12+8-LTS-237, mixed mode, tiered, compressed oops, g1 gc, windows-amd64)
Heap:
 garbage-first heap   total 65536K, used 11049K [0x00000000c1600000, 0x0000000100000000)
  region size 1024K, 9 young (9216K), 4 survivors (4096K)
 Metaspace       used 20847K, capacity 21165K, committed 21296K, reserved 1069056K
  class space    used 2223K, capacity 2357K, committed 2432K, reserved 1048576K
GC Heap History (8 events):
Event: 2.529 GC heap before
{Heap before GC invocations=0 (full 0):
 garbage-first heap   total 65536K, used 14336K [0x00000000c1600000, 0x0000000100000000)
  region size 1024K, 14 young (14336K), 0 survivors (0K)
 Metaspace       used 11435K, capacity 11685K, committed 11904K, reserved 1060864K
  class space    used 1068K, capacity 1134K, committed 1152K, reserved 1048576K
}
Event: 2.542 GC heap after
{Heap after GC invocations=1 (full 0):
 garbage-first heap   total 65536K, used 3460K [0x00000000c1600000, 0x0000000100000000)
  region size 1024K, 2 young (2048K), 2 survivors (2048K)
 Metaspace       used 11435K, capacity 11685K, committed 11904K, reserved 1060864K
  class space    used 1068K, capacity 1134K, committed 1152K, reserved 1048576K
}
Event: 3.325 GC heap before
{Heap before GC invocations=1 (full 0):
 garbage-first heap   total 65536K, used 11652K [0x00000000c1600000, 0x0000000100000000)
  region size 1024K, 10 young (10240K), 2 survivors (2048K)
 Metaspace       used 13365K, capacity 13617K, committed 13696K, reserved 1060864K
  class space    used 1328K, capacity 1394K, committed 1408K, reserved 1048576K
}
Event: 3.331 GC heap after
{Heap after GC invocations=2 (full 0):
 garbage-first heap   total 65536K, used 3995K [0x00000000c1600000, 0x0000000100000000)
  region size 1024K, 1 young (1024K), 1 survivors (1024K)
 Metaspace       used 13365K, capacity 13617K, committed 13696K, reserved 1060864K
  class space    used 1328K, capacity 1394K, committed 1408K, reserved 1048576K
}
Event: 4.961 GC heap before
{Heap before GC invocations=2 (full 0):
 garbage-first heap   total 65536K, used 28571K [0x00000000c1600000, 0x0000000100000000)
  region size 1024K, 25 young (25600K), 1 survivors (1024K)
 Metaspace       used 15470K, capacity 15742K, committed 15872K, reserved 1062912K
  class space    used 1594K, capacity 1691K, committed 1792K, reserved 1048576K
}
Event: 4.965 GC heap after
{Heap after GC invocations=3 (full 0):
 garbage-first heap   total 65536K, used 4672K [0x00000000c1600000, 0x0000000100000000)
  region size 1024K, 2 young (2048K), 2 survivors (2048K)
 Metaspace       used 15470K, capacity 15742K, committed 15872K, reserved 1062912K
  class space    used 1594K, capacity 1691K, committed 1792K, reserved 1048576K
}
Event: 7.838 GC heap before
{Heap before GC invocations=3 (full 0):
 garbage-first heap   total 65536K, used 34368K [0x00000000c1600000, 0x0000000100000000)
  region size 1024K, 31 young (31744K), 2 survivors (2048K)
 Metaspace       used 20444K, capacity 20708K, committed 20736K, reserved 1067008K
  class space    used 2197K, capacity 2290K, committed 2304K, reserved 1048576K
}
Event: 7.857 GC heap after
{Heap after GC invocations=4 (full 0):
 garbage-first heap   total 65536K, used 6953K [0x00000000c1600000, 0x0000000100000000)
  region size 1024K, 4 young (4096K), 4 survivors (4096K)
 Metaspace       used 20444K, capacity 20708K, committed 20736K, reserved 1067008K
  class space    used 2197K, capacity 2290K, committed 2304K, reserved 1048576K
}

